{"/Users/alexandre.delaloy/_/PERSO/outof216/src/Controllers/ClockController.ts": {"path":"/Users/alexandre.delaloy/_/PERSO/outof216/src/Controllers/ClockController.ts","statementMap":{"0":{"start":{"line":1,"column":0},"end":{"line":1,"column":null}},"1":{"start":{"line":5,"column":8},"end":{"line":5,"column":27}},"2":{"start":{"line":6,"column":8},"end":{"line":6,"column":25}},"3":{"start":{"line":8,"column":11},"end":{"line":10,"column":null}},"4":{"start":{"line":9,"column":8},"end":{"line":9,"column":58}},"5":{"start":{"line":11,"column":11},"end":{"line":13,"column":null}},"6":{"start":{"line":12,"column":8},"end":{"line":12,"column":57}},"7":{"start":{"line":14,"column":0},"end":{"line":14,"column":null}}},"fnMap":{"0":{"name":"(anonymous_0)","decl":{"start":{"line":1,"column":0},"end":{"line":1,"column":null}},"loc":{"start":{"line":1,"column":0},"end":{"line":14,"column":null}}},"1":{"name":"ClockController","decl":{"start":{"line":4,"column":4},"end":{"line":4,"column":16}},"loc":{"start":{"line":4,"column":37},"end":{"line":7,"column":5}}},"2":{"name":"(anonymous_2)","decl":{"start":{"line":8,"column":4},"end":{"line":8,"column":11}},"loc":{"start":{"line":8,"column":4},"end":{"line":10,"column":5}}},"3":{"name":"(anonymous_3)","decl":{"start":{"line":11,"column":4},"end":{"line":11,"column":11}},"loc":{"start":{"line":11,"column":4},"end":{"line":13,"column":5}}}},"branchMap":{},"s":{"0":1,"1":1,"2":1,"3":1,"4":1,"5":1,"6":1,"7":1},"f":{"0":1,"1":1,"2":1,"3":1},"b":{}}
,"/Users/alexandre.delaloy/_/PERSO/outof216/src/Models/ClockModel.ts": {"path":"/Users/alexandre.delaloy/_/PERSO/outof216/src/Models/ClockModel.ts","statementMap":{"0":{"start":{"line":1,"column":0},"end":{"line":1,"column":null}},"1":{"start":{"line":4,"column":8},"end":{"line":4,"column":31}},"2":{"start":{"line":6,"column":11},"end":{"line":8,"column":null}},"3":{"start":{"line":7,"column":8},"end":{"line":7,"column":28}},"4":{"start":{"line":9,"column":11},"end":{"line":11,"column":null}},"5":{"start":{"line":10,"column":8},"end":{"line":10,"column":34}},"6":{"start":{"line":12,"column":0},"end":{"line":12,"column":null}}},"fnMap":{"0":{"name":"(anonymous_0)","decl":{"start":{"line":1,"column":0},"end":{"line":1,"column":null}},"loc":{"start":{"line":1,"column":0},"end":{"line":12,"column":null}}},"1":{"name":"ClockModel","decl":{"start":{"line":3,"column":4},"end":{"line":3,"column":16}},"loc":{"start":{"line":3,"column":31},"end":{"line":5,"column":5}}},"2":{"name":"(anonymous_2)","decl":{"start":{"line":6,"column":4},"end":{"line":6,"column":11}},"loc":{"start":{"line":6,"column":4},"end":{"line":8,"column":5}}},"3":{"name":"(anonymous_3)","decl":{"start":{"line":9,"column":4},"end":{"line":9,"column":11}},"loc":{"start":{"line":9,"column":40},"end":{"line":11,"column":5}}}},"branchMap":{},"s":{"0":1,"1":2,"2":1,"3":2,"4":1,"5":1,"6":1},"f":{"0":1,"1":2,"2":2,"3":1},"b":{}}
,"/Users/alexandre.delaloy/_/PERSO/outof216/src/Views/ClockView.ts": {"path":"/Users/alexandre.delaloy/_/PERSO/outof216/src/Views/ClockView.ts","statementMap":{"0":{"start":{"line":1,"column":0},"end":{"line":1,"column":null}},"1":{"start":{"line":4,"column":8},"end":{"line":4,"column":35}},"2":{"start":{"line":6,"column":12},"end":{"line":11,"column":null}},"3":{"start":{"line":7,"column":8},"end":{"line":7,"column":38}},"4":{"start":{"line":8,"column":8},"end":{"line":10,"column":null}},"5":{"start":{"line":8,"column":21},"end":{"line":8,"column":22}},"6":{"start":{"line":9,"column":12},"end":{"line":9,"column":44}},"7":{"start":{"line":12,"column":12},"end":{"line":17,"column":null}},"8":{"start":{"line":13,"column":8},"end":{"line":13,"column":38}},"9":{"start":{"line":14,"column":8},"end":{"line":16,"column":null}},"10":{"start":{"line":14,"column":21},"end":{"line":14,"column":22}},"11":{"start":{"line":15,"column":12},"end":{"line":15,"column":44}},"12":{"start":{"line":18,"column":0},"end":{"line":18,"column":null}}},"fnMap":{"0":{"name":"(anonymous_0)","decl":{"start":{"line":1,"column":0},"end":{"line":1,"column":null}},"loc":{"start":{"line":1,"column":0},"end":{"line":18,"column":null}}},"1":{"name":"ClockView","decl":{"start":{"line":3,"column":4},"end":{"line":3,"column":16}},"loc":{"start":{"line":3,"column":38},"end":{"line":5,"column":5}}},"2":{"name":"(anonymous_2)","decl":{"start":{"line":6,"column":4},"end":{"line":6,"column":12}},"loc":{"start":{"line":6,"column":35},"end":{"line":11,"column":5}}},"3":{"name":"(anonymous_3)","decl":{"start":{"line":12,"column":4},"end":{"line":12,"column":12}},"loc":{"start":{"line":12,"column":34},"end":{"line":17,"column":5}}}},"branchMap":{},"s":{"0":1,"1":1,"2":1,"3":1,"4":1,"5":1,"6":60,"7":1,"8":1,"9":1,"10":1,"11":60,"12":1},"f":{"0":1,"1":1,"2":1,"3":1},"b":{}}
}
