{"/Users/alexandre.delaloy/_/PERSO/outof216/src/utils.ts": {"path":"/Users/alexandre.delaloy/_/PERSO/outof216/src/utils.ts","statementMap":{"0":{"start":{"line":1,"column":0},"end":{"line":1,"column":41}},"1":{"start":{"line":2,"column":0},"end":{"line":2,"column":28}},"2":{"start":{"line":3,"column":0},"end":{"line":3,"column":27}},"3":{"start":{"line":4,"column":0},"end":{"line":4,"column":26}},"4":{"start":{"line":6,"column":0},"end":{"line":6,"column":47}},"5":{"start":{"line":7,"column":0},"end":{"line":7,"column":43}},"6":{"start":{"line":8,"column":0},"end":{"line":8,"column":61}},"7":{"start":{"line":9,"column":0},"end":{"line":9,"column":47}},"8":{"start":{"line":10,"column":0},"end":{"line":10,"column":44}},"9":{"start":{"line":11,"column":0},"end":{"line":11,"column":62}},"10":{"start":{"line":12,"column":0},"end":{"line":12,"column":70}},"11":{"start":{"line":13,"column":0},"end":{"line":13,"column":55}},"12":{"start":{"line":14,"column":0},"end":{"line":14,"column":52}},"13":{"start":{"line":15,"column":0},"end":{"line":15,"column":43}},"14":{"start":{"line":19,"column":13},"end":{"line":29,"column":2}},"15":{"start":{"line":31,"column":16},"end":{"line":33,"column":null}},"16":{"start":{"line":35,"column":13},"end":{"line":39,"column":2}},"17":{"start":{"line":41,"column":13},"end":{"line":49,"column":2}},"18":{"start":{"line":42,"column":4},"end":{"line":48,"column":7}},"19":{"start":{"line":42,"column":55},"end":{"line":48,"column":6}},"20":{"start":{"line":43,"column":8},"end":{"line":43,"column":31}},"21":{"start":{"line":43,"column":31},"end":{"line":43,"column":53}},"22":{"start":{"line":43,"column":8},"end":{"line":43,"column":54}},"23":{"start":{"line":44,"column":8},"end":{"line":44,"column":29}},"24":{"start":{"line":45,"column":14},"end":{"line":45,"column":39}},"25":{"start":{"line":46,"column":8},"end":{"line":46,"column":21}},"26":{"start":{"line":47,"column":8},"end":{"line":47,"column":27}},"27":{"start":{"line":51,"column":13},"end":{"line":91,"column":2}},"28":{"start":{"line":52,"column":16},"end":{"line":52,"column":31}},"29":{"start":{"line":53,"column":34},"end":{"line":53,"column":36}},"30":{"start":{"line":55,"column":4},"end":{"line":90,"column":7}},"31":{"start":{"line":56,"column":22},"end":{"line":56,"column":36}},"32":{"start":{"line":58,"column":8},"end":{"line":62,"column":null}},"33":{"start":{"line":59,"column":12},"end":{"line":61,"column":null}},"34":{"start":{"line":60,"column":16},"end":{"line":60,"column":46}},"35":{"start":{"line":64,"column":8},"end":{"line":72,"column":11}},"36":{"start":{"line":65,"column":12},"end":{"line":67,"column":null}},"37":{"start":{"line":66,"column":16},"end":{"line":66,"column":25}},"38":{"start":{"line":68,"column":12},"end":{"line":70,"column":null}},"39":{"start":{"line":69,"column":16},"end":{"line":69,"column":26}},"40":{"start":{"line":71,"column":12},"end":{"line":71,"column":21}},"41":{"start":{"line":74,"column":8},"end":{"line":74,"column":51}},"42":{"start":{"line":76,"column":24},"end":{"line":78,"column":null}},"43":{"start":{"line":81,"column":8},"end":{"line":81,"column":30}},"44":{"start":{"line":82,"column":8},"end":{"line":82,"column":30}},"45":{"start":{"line":83,"column":8},"end":{"line":83,"column":30}},"46":{"start":{"line":85,"column":8},"end":{"line":89,"column":17}},"47":{"start":{"line":86,"column":12},"end":{"line":86,"column":67}},"48":{"start":{"line":87,"column":12},"end":{"line":87,"column":33}},"49":{"start":{"line":88,"column":12},"end":{"line":88,"column":33}},"50":{"start":{"line":93,"column":13},"end":{"line":110,"column":2}},"51":{"start":{"line":94,"column":35},"end":{"line":94,"column":37}},"52":{"start":{"line":95,"column":4},"end":{"line":109,"column":11}},"53":{"start":{"line":97,"column":32},"end":{"line":97,"column":33}},"54":{"start":{"line":98,"column":12},"end":{"line":104,"column":null}},"55":{"start":{"line":99,"column":29},"end":{"line":99,"column":94}},"56":{"start":{"line":100,"column":16},"end":{"line":103,"column":null}},"57":{"start":{"line":101,"column":20},"end":{"line":101,"column":44}},"58":{"start":{"line":102,"column":20},"end":{"line":102,"column":28}},"59":{"start":{"line":105,"column":54},"end":{"line":107,"column":14}},"60":{"start":{"line":106,"column":16},"end":{"line":106,"column":38}},"61":{"start":{"line":108,"column":12},"end":{"line":108,"column":47}},"62":{"start":{"line":112,"column":13},"end":{"line":123,"column":2}},"63":{"start":{"line":113,"column":24},"end":{"line":118,"column":null}},"64":{"start":{"line":118,"column":23},"end":{"line":118,"column":null}},"65":{"start":{"line":121,"column":4},"end":{"line":121,"column":29}},"66":{"start":{"line":122,"column":4},"end":{"line":122,"column":29}},"67":{"start":{"line":125,"column":13},"end":{"line":129,"column":2}},"68":{"start":{"line":126,"column":4},"end":{"line":128,"column":7}}},"fnMap":{"0":{"name":"(anonymous_17)","decl":{"start":{"line":41,"column":32},"end":{"line":41,"column":null}},"loc":{"start":{"line":41,"column":32},"end":{"line":49,"column":1}}},"1":{"name":"(anonymous_18)","decl":{"start":{"line":42,"column":41},"end":{"line":42,"column":47}},"loc":{"start":{"line":42,"column":55},"end":{"line":48,"column":6}}},"2":{"name":"(anonymous_19)","decl":{"start":{"line":42,"column":55},"end":{"line":42,"column":null}},"loc":{"start":{"line":42,"column":55},"end":{"line":48,"column":6}}},"3":{"name":"(anonymous_21)","decl":{"start":{"line":51,"column":24},"end":{"line":51,"column":25}},"loc":{"start":{"line":51,"column":32},"end":{"line":91,"column":1}}},"4":{"name":"(anonymous_22)","decl":{"start":{"line":55,"column":20},"end":{"line":55,"column":21}},"loc":{"start":{"line":55,"column":34},"end":{"line":90,"column":5}}},"5":{"name":"(anonymous_23)","decl":{"start":{"line":64,"column":26},"end":{"line":64,"column":27}},"loc":{"start":{"line":64,"column":31},"end":{"line":72,"column":9}}},"6":{"name":"(anonymous_24)","decl":{"start":{"line":85,"column":19},"end":{"line":85,"column":null}},"loc":{"start":{"line":85,"column":19},"end":{"line":89,"column":9}}},"7":{"name":"(anonymous_25)","decl":{"start":{"line":93,"column":30},"end":{"line":93,"column":31}},"loc":{"start":{"line":93,"column":38},"end":{"line":110,"column":1}}},"8":{"name":"(anonymous_26)","decl":{"start":{"line":96,"column":14},"end":{"line":96,"column":17}},"loc":{"start":{"line":96,"column":17},"end":{"line":109,"column":9}}},"9":{"name":"(anonymous_27)","decl":{"start":{"line":105,"column":71},"end":{"line":105,"column":72}},"loc":{"start":{"line":105,"column":84},"end":{"line":107,"column":13}}},"10":{"name":"(anonymous_28)","decl":{"start":{"line":112,"column":23},"end":{"line":112,"column":24}},"loc":{"start":{"line":112,"column":49},"end":{"line":123,"column":1}}},"11":{"name":"(anonymous_29)","decl":{"start":{"line":118,"column":8},"end":{"line":118,"column":9}},"loc":{"start":{"line":118,"column":18},"end":{"line":118,"column":33}}},"12":{"name":"(anonymous_30)","decl":{"start":{"line":125,"column":26},"end":{"line":125,"column":27}},"loc":{"start":{"line":125,"column":47},"end":{"line":129,"column":1}}}},"branchMap":{"0":{"loc":{"start":{"line":59,"column":12},"end":{"line":61,"column":null}},"type":"if","locations":[{"start":{"line":59,"column":12},"end":{"line":61,"column":null}},{"start":{"line":59,"column":12},"end":{"line":61,"column":null}}]},"1":{"loc":{"start":{"line":65,"column":12},"end":{"line":67,"column":null}},"type":"if","locations":[{"start":{"line":65,"column":12},"end":{"line":67,"column":null}},{"start":{"line":65,"column":12},"end":{"line":67,"column":null}}]},"2":{"loc":{"start":{"line":68,"column":12},"end":{"line":70,"column":null}},"type":"if","locations":[{"start":{"line":68,"column":12},"end":{"line":70,"column":null}},{"start":{"line":68,"column":12},"end":{"line":70,"column":null}}]},"3":{"loc":{"start":{"line":100,"column":16},"end":{"line":103,"column":null}},"type":"if","locations":[{"start":{"line":100,"column":16},"end":{"line":103,"column":null}},{"start":{"line":100,"column":16},"end":{"line":103,"column":null}}]}},"s":{"0":3,"1":3,"2":3,"3":3,"4":3,"5":3,"6":3,"7":3,"8":3,"9":3,"10":3,"11":3,"12":3,"13":3,"14":3,"15":3,"16":3,"17":3,"18":0,"19":0,"20":0,"21":0,"22":0,"23":0,"24":0,"25":0,"26":0,"27":3,"28":0,"29":0,"30":0,"31":0,"32":0,"33":0,"34":0,"35":0,"36":0,"37":0,"38":0,"39":0,"40":0,"41":0,"42":0,"43":0,"44":0,"45":0,"46":0,"47":0,"48":0,"49":0,"50":3,"51":0,"52":0,"53":0,"54":0,"55":0,"56":0,"57":0,"58":0,"59":0,"60":0,"61":0,"62":3,"63":0,"64":0,"65":0,"66":0,"67":3,"68":0},"f":{"0":0,"1":0,"2":0,"3":0,"4":0,"5":0,"6":0,"7":0,"8":0,"9":0,"10":0,"11":0,"12":0},"b":{"0":[0,0],"1":[0,0],"2":[0,0],"3":[0,0]}}
,"/Users/alexandre.delaloy/_/PERSO/outof216/src/Controllers/ChartsController.ts": {"path":"/Users/alexandre.delaloy/_/PERSO/outof216/src/Controllers/ChartsController.ts","statementMap":{"0":{"start":{"line":1,"column":0},"end":{"line":1,"column":null}},"1":{"start":{"line":6,"column":8},"end":{"line":6,"column":27}},"2":{"start":{"line":7,"column":8},"end":{"line":7,"column":25}},"3":{"start":{"line":8,"column":8},"end":{"line":8,"column":29}},"4":{"start":{"line":10,"column":11},"end":{"line":15,"column":null}},"5":{"start":{"line":11,"column":8},"end":{"line":14,"column":10}},"6":{"start":{"line":16,"column":11},"end":{"line":23,"column":null}},"7":{"start":{"line":17,"column":8},"end":{"line":22,"column":null}},"8":{"start":{"line":18,"column":12},"end":{"line":21,"column":14}},"9":{"start":{"line":24,"column":0},"end":{"line":24,"column":null}}},"fnMap":{"0":{"name":"(anonymous_0)","decl":{"start":{"line":1,"column":0},"end":{"line":1,"column":null}},"loc":{"start":{"line":1,"column":0},"end":{"line":24,"column":null}}},"1":{"name":"ChartController","decl":{"start":{"line":5,"column":4},"end":{"line":5,"column":16}},"loc":{"start":{"line":5,"column":54},"end":{"line":9,"column":5}}},"2":{"name":"(anonymous_2)","decl":{"start":{"line":10,"column":4},"end":{"line":10,"column":11}},"loc":{"start":{"line":10,"column":4},"end":{"line":15,"column":5}}},"3":{"name":"(anonymous_3)","decl":{"start":{"line":16,"column":4},"end":{"line":16,"column":11}},"loc":{"start":{"line":16,"column":4},"end":{"line":23,"column":5}}}},"branchMap":{"0":{"loc":{"start":{"line":17,"column":8},"end":{"line":22,"column":null}},"type":"if","locations":[{"start":{"line":17,"column":8},"end":{"line":22,"column":null}},{"start":{"line":17,"column":8},"end":{"line":22,"column":null}}]}},"s":{"0":3,"1":4,"2":4,"3":4,"4":3,"5":1,"6":3,"7":1,"8":0,"9":3},"f":{"0":3,"1":4,"2":1,"3":1},"b":{"0":[0,1]}}
,"/Users/alexandre.delaloy/_/PERSO/outof216/src/Controllers/ClockController.ts": {"path":"/Users/alexandre.delaloy/_/PERSO/outof216/src/Controllers/ClockController.ts","statementMap":{"0":{"start":{"line":1,"column":0},"end":{"line":1,"column":null}},"1":{"start":{"line":5,"column":8},"end":{"line":5,"column":27}},"2":{"start":{"line":6,"column":8},"end":{"line":6,"column":25}},"3":{"start":{"line":8,"column":11},"end":{"line":10,"column":null}},"4":{"start":{"line":9,"column":8},"end":{"line":9,"column":58}},"5":{"start":{"line":11,"column":11},"end":{"line":13,"column":null}},"6":{"start":{"line":12,"column":8},"end":{"line":12,"column":57}},"7":{"start":{"line":14,"column":0},"end":{"line":14,"column":null}}},"fnMap":{"0":{"name":"(anonymous_0)","decl":{"start":{"line":1,"column":0},"end":{"line":1,"column":null}},"loc":{"start":{"line":1,"column":0},"end":{"line":14,"column":null}}},"1":{"name":"ClockController","decl":{"start":{"line":4,"column":4},"end":{"line":4,"column":16}},"loc":{"start":{"line":4,"column":37},"end":{"line":7,"column":5}}},"2":{"name":"(anonymous_2)","decl":{"start":{"line":8,"column":4},"end":{"line":8,"column":11}},"loc":{"start":{"line":8,"column":4},"end":{"line":10,"column":5}}},"3":{"name":"(anonymous_3)","decl":{"start":{"line":11,"column":4},"end":{"line":11,"column":11}},"loc":{"start":{"line":11,"column":4},"end":{"line":13,"column":5}}}},"branchMap":{},"s":{"0":4,"1":2,"2":2,"3":4,"4":2,"5":4,"6":1,"7":4},"f":{"0":4,"1":2,"2":2,"3":1},"b":{}}
,"/Users/alexandre.delaloy/_/PERSO/outof216/src/Controllers/PodiumController.ts": {"path":"/Users/alexandre.delaloy/_/PERSO/outof216/src/Controllers/PodiumController.ts","statementMap":{"0":{"start":{"line":1,"column":0},"end":{"line":1,"column":null}},"1":{"start":{"line":5,"column":8},"end":{"line":5,"column":27}},"2":{"start":{"line":6,"column":8},"end":{"line":6,"column":25}},"3":{"start":{"line":8,"column":11},"end":{"line":10,"column":null}},"4":{"start":{"line":9,"column":8},"end":{"line":9,"column":56}},"5":{"start":{"line":11,"column":11},"end":{"line":13,"column":null}},"6":{"start":{"line":12,"column":8},"end":{"line":12,"column":55}},"7":{"start":{"line":14,"column":0},"end":{"line":14,"column":null}}},"fnMap":{"0":{"name":"(anonymous_0)","decl":{"start":{"line":1,"column":0},"end":{"line":1,"column":null}},"loc":{"start":{"line":1,"column":0},"end":{"line":14,"column":null}}},"1":{"name":"PodiumController","decl":{"start":{"line":4,"column":4},"end":{"line":4,"column":16}},"loc":{"start":{"line":4,"column":37},"end":{"line":7,"column":5}}},"2":{"name":"(anonymous_2)","decl":{"start":{"line":8,"column":4},"end":{"line":8,"column":11}},"loc":{"start":{"line":8,"column":4},"end":{"line":10,"column":5}}},"3":{"name":"(anonymous_3)","decl":{"start":{"line":11,"column":4},"end":{"line":11,"column":11}},"loc":{"start":{"line":11,"column":4},"end":{"line":13,"column":5}}}},"branchMap":{},"s":{"0":3,"1":0,"2":0,"3":3,"4":0,"5":3,"6":0,"7":3},"f":{"0":3,"1":0,"2":0,"3":0},"b":{}}
,"/Users/alexandre.delaloy/_/PERSO/outof216/src/Controllers/TypewriterController.ts": {"path":"/Users/alexandre.delaloy/_/PERSO/outof216/src/Controllers/TypewriterController.ts","statementMap":{"0":{"start":{"line":1,"column":0},"end":{"line":1,"column":44}},"1":{"start":{"line":2,"column":0},"end":{"line":2,"column":41}},"2":{"start":{"line":3,"column":0},"end":{"line":3,"column":59}},"3":{"start":{"line":5,"column":0},"end":{"line":5,"column":46}},"4":{"start":{"line":6,"column":0},"end":{"line":6,"column":43}},"5":{"start":{"line":7,"column":0},"end":{"line":7,"column":61}},"6":{"start":{"line":9,"column":0},"end":{"line":9,"column":46}},"7":{"start":{"line":11,"column":11},"end":{"line":11,"column":43}},"8":{"start":{"line":11,"column":35},"end":{"line":11,"column":68}},"9":{"start":{"line":13,"column":0},"end":{"line":13,"column":null}},"10":{"start":{"line":30,"column":8},"end":{"line":30,"column":27}},"11":{"start":{"line":31,"column":8},"end":{"line":31,"column":25}},"12":{"start":{"line":32,"column":8},"end":{"line":32,"column":37}},"13":{"start":{"line":33,"column":8},"end":{"line":33,"column":26}},"14":{"start":{"line":34,"column":8},"end":{"line":34,"column":33}},"15":{"start":{"line":35,"column":8},"end":{"line":35,"column":36}},"16":{"start":{"line":36,"column":8},"end":{"line":36,"column":38}},"17":{"start":{"line":37,"column":8},"end":{"line":37,"column":35}},"18":{"start":{"line":38,"column":8},"end":{"line":38,"column":32}},"19":{"start":{"line":39,"column":8},"end":{"line":39,"column":53}},"20":{"start":{"line":40,"column":8},"end":{"line":40,"column":47}},"21":{"start":{"line":41,"column":8},"end":{"line":41,"column":64}},"22":{"start":{"line":42,"column":8},"end":{"line":42,"column":51}},"23":{"start":{"line":43,"column":8},"end":{"line":43,"column":50}},"24":{"start":{"line":44,"column":8},"end":{"line":44,"column":68}},"25":{"start":{"line":49,"column":11},"end":{"line":58,"column":null}},"26":{"start":{"line":50,"column":8},"end":{"line":50,"column":27}},"27":{"start":{"line":51,"column":8},"end":{"line":51,"column":32}},"28":{"start":{"line":52,"column":8},"end":{"line":52,"column":34}},"29":{"start":{"line":53,"column":8},"end":{"line":57,"column":10}},"30":{"start":{"line":59,"column":11},"end":{"line":131,"column":null}},"31":{"start":{"line":59,"column":4},"end":{"line":59,"column":11}},"32":{"start":{"line":60,"column":33},"end":{"line":60,"column":38}},"33":{"start":{"line":61,"column":24},"end":{"line":61,"column":25}},"34":{"start":{"line":63,"column":37},"end":{"line":63,"column":42}},"35":{"start":{"line":64,"column":8},"end":{"line":130,"column":11}},"36":{"start":{"line":65,"column":12},"end":{"line":129,"column":null}},"37":{"start":{"line":71,"column":16},"end":{"line":73,"column":null}},"38":{"start":{"line":72,"column":20},"end":{"line":72,"column":41}},"39":{"start":{"line":74,"column":16},"end":{"line":128,"column":null}},"40":{"start":{"line":76,"column":20},"end":{"line":127,"column":null}},"41":{"start":{"line":77,"column":24},"end":{"line":77,"column":59}},"42":{"start":{"line":78,"column":24},"end":{"line":78,"column":51}},"43":{"start":{"line":79,"column":37},"end":{"line":79,"column":57}},"44":{"start":{"line":80,"column":24},"end":{"line":83,"column":null}},"45":{"start":{"line":81,"column":28},"end":{"line":81,"column":44}},"46":{"start":{"line":82,"column":28},"end":{"line":82,"column":45}},"47":{"start":{"line":84,"column":24},"end":{"line":125,"column":null}},"48":{"start":{"line":85,"column":28},"end":{"line":85,"column":59}},"49":{"start":{"line":86,"column":28},"end":{"line":86,"column":32}},"50":{"start":{"line":87,"column":28},"end":{"line":89,"column":null}},"51":{"start":{"line":88,"column":32},"end":{"line":88,"column":59}},"52":{"start":{"line":91,"column":28},"end":{"line":124,"column":null}},"53":{"start":{"line":92,"column":32},"end":{"line":92,"column":51}},"54":{"start":{"line":93,"column":32},"end":{"line":105,"column":null}},"55":{"start":{"line":94,"column":36},"end":{"line":94,"column":59}},"56":{"start":{"line":95,"column":36},"end":{"line":95,"column":57}},"57":{"start":{"line":96,"column":36},"end":{"line":96,"column":47}},"58":{"start":{"line":97,"column":36},"end":{"line":97,"column":61}},"59":{"start":{"line":98,"column":36},"end":{"line":98,"column":57}},"60":{"start":{"line":100,"column":36},"end":{"line":100,"column":59}},"61":{"start":{"line":101,"column":36},"end":{"line":101,"column":54}},"62":{"start":{"line":102,"column":36},"end":{"line":102,"column":61}},"63":{"start":{"line":103,"column":36},"end":{"line":103,"column":62}},"64":{"start":{"line":104,"column":36},"end":{"line":104,"column":57}},"65":{"start":{"line":106,"column":32},"end":{"line":106,"column":89}},"66":{"start":{"line":107,"column":32},"end":{"line":107,"column":60}},"67":{"start":{"line":108,"column":32},"end":{"line":108,"column":62}},"68":{"start":{"line":109,"column":32},"end":{"line":109,"column":38}},"69":{"start":{"line":110,"column":35},"end":{"line":124,"column":null}},"70":{"start":{"line":111,"column":32},"end":{"line":118,"column":null}},"71":{"start":{"line":116,"column":36},"end":{"line":116,"column":69}},"72":{"start":{"line":117,"column":36},"end":{"line":117,"column":66}},"73":{"start":{"line":120,"column":32},"end":{"line":123,"column":null}},"74":{"start":{"line":121,"column":36},"end":{"line":121,"column":67}},"75":{"start":{"line":122,"column":36},"end":{"line":122,"column":65}},"76":{"start":{"line":126,"column":24},"end":{"line":126,"column":42}},"77":{"start":{"line":138,"column":12},"end":{"line":151,"column":null}},"78":{"start":{"line":139,"column":8},"end":{"line":149,"column":null}},"79":{"start":{"line":141,"column":16},"end":{"line":141,"column":116}},"80":{"start":{"line":143,"column":16},"end":{"line":143,"column":116}},"81":{"start":{"line":145,"column":16},"end":{"line":148,"column":38}},"82":{"start":{"line":150,"column":8},"end":{"line":150,"column":58}},"83":{"start":{"line":155,"column":12},"end":{"line":158,"column":null}},"84":{"start":{"line":156,"column":8},"end":{"line":156,"column":38}},"85":{"start":{"line":157,"column":8},"end":{"line":157,"column":51}},"86":{"start":{"line":164,"column":12},"end":{"line":179,"column":null}},"87":{"start":{"line":164,"column":4},"end":{"line":164,"column":12}},"88":{"start":{"line":165,"column":8},"end":{"line":178,"column":11}},"89":{"start":{"line":166,"column":12},"end":{"line":166,"column":31}},"90":{"start":{"line":167,"column":25},"end":{"line":167,"column":45}},"91":{"start":{"line":168,"column":48},"end":{"line":168,"column":92}},"92":{"start":{"line":169,"column":12},"end":{"line":169,"column":40}},"93":{"start":{"line":170,"column":12},"end":{"line":170,"column":37}},"94":{"start":{"line":171,"column":12},"end":{"line":173,"column":null}},"95":{"start":{"line":172,"column":16},"end":{"line":172,"column":54}},"96":{"start":{"line":174,"column":12},"end":{"line":177,"column":28}},"97":{"start":{"line":180,"column":12},"end":{"line":200,"column":null}},"98":{"start":{"line":180,"column":4},"end":{"line":180,"column":12}},"99":{"start":{"line":181,"column":22},"end":{"line":199,"column":16}},"100":{"start":{"line":182,"column":12},"end":{"line":182,"column":27}},"101":{"start":{"line":183,"column":12},"end":{"line":183,"column":49}},"102":{"start":{"line":184,"column":12},"end":{"line":184,"column":37}},"103":{"start":{"line":185,"column":12},"end":{"line":187,"column":null}},"104":{"start":{"line":186,"column":16},"end":{"line":186,"column":49}},"105":{"start":{"line":188,"column":12},"end":{"line":198,"column":null}},"106":{"start":{"line":189,"column":16},"end":{"line":189,"column":37}},"107":{"start":{"line":190,"column":16},"end":{"line":190,"column":44}},"108":{"start":{"line":191,"column":16},"end":{"line":194,"column":31}},"109":{"start":{"line":195,"column":16},"end":{"line":195,"column":45}},"110":{"start":{"line":196,"column":16},"end":{"line":196,"column":50}},"111":{"start":{"line":197,"column":16},"end":{"line":197,"column":39}},"112":{"start":{"line":201,"column":12},"end":{"line":208,"column":null}},"113":{"start":{"line":202,"column":8},"end":{"line":207,"column":null}},"114":{"start":{"line":203,"column":12},"end":{"line":203,"column":31}},"115":{"start":{"line":204,"column":12},"end":{"line":204,"column":29}},"116":{"start":{"line":205,"column":12},"end":{"line":205,"column":49}},"117":{"start":{"line":206,"column":12},"end":{"line":206,"column":37}},"118":{"start":{"line":209,"column":0},"end":{"line":209,"column":null}}},"fnMap":{"0":{"name":"(anonymous_1)","decl":{"start":{"line":11,"column":11},"end":{"line":11,"column":12}},"loc":{"start":{"line":11,"column":25},"end":{"line":11,"column":43}}},"1":{"name":"(anonymous_2)","decl":{"start":{"line":13,"column":0},"end":{"line":13,"column":null}},"loc":{"start":{"line":13,"column":0},"end":{"line":209,"column":null}}},"2":{"name":"TypewriterController","decl":{"start":{"line":29,"column":4},"end":{"line":29,"column":16}},"loc":{"start":{"line":29,"column":54},"end":{"line":45,"column":5}}},"3":{"name":"(anonymous_4)","decl":{"start":{"line":49,"column":4},"end":{"line":49,"column":11}},"loc":{"start":{"line":49,"column":4},"end":{"line":58,"column":5}}},"4":{"name":"(anonymous_5)","decl":{"start":{"line":59,"column":4},"end":{"line":59,"column":11}},"loc":{"start":{"line":59,"column":4},"end":{"line":131,"column":5}}},"5":{"name":"(anonymous_6)","decl":{"start":{"line":64,"column":50},"end":{"line":64,"column":51}},"loc":{"start":{"line":64,"column":51},"end":{"line":130,"column":9}}},"6":{"name":"(anonymous_7)","decl":{"start":{"line":138,"column":4},"end":{"line":138,"column":12}},"loc":{"start":{"line":138,"column":49},"end":{"line":151,"column":5}}},"7":{"name":"(anonymous_8)","decl":{"start":{"line":155,"column":4},"end":{"line":155,"column":12}},"loc":{"start":{"line":155,"column":4},"end":{"line":158,"column":5}}},"8":{"name":"(anonymous_9)","decl":{"start":{"line":164,"column":4},"end":{"line":164,"column":12}},"loc":{"start":{"line":164,"column":50},"end":{"line":179,"column":5}}},"9":{"name":"(anonymous_10)","decl":{"start":{"line":165,"column":44},"end":{"line":165,"column":45}},"loc":{"start":{"line":165,"column":45},"end":{"line":178,"column":9}}},"10":{"name":"(anonymous_11)","decl":{"start":{"line":180,"column":4},"end":{"line":180,"column":12}},"loc":{"start":{"line":180,"column":4},"end":{"line":200,"column":5}}},"11":{"name":"(anonymous_12)","decl":{"start":{"line":181,"column":34},"end":{"line":181,"column":null}},"loc":{"start":{"line":181,"column":34},"end":{"line":199,"column":9}}},"12":{"name":"(anonymous_13)","decl":{"start":{"line":201,"column":4},"end":{"line":201,"column":12}},"loc":{"start":{"line":201,"column":4},"end":{"line":208,"column":5}}}},"branchMap":{"0":{"loc":{"start":{"line":65,"column":12},"end":{"line":129,"column":null}},"type":"if","locations":[{"start":{"line":65,"column":12},"end":{"line":129,"column":null}},{"start":{"line":65,"column":12},"end":{"line":129,"column":null}}]},"1":{"loc":{"start":{"line":66,"column":16},"end":{"line":66,"column":36}},"type":"binary-expr","locations":[{"start":{"line":66,"column":16},"end":{"line":66,"column":36}},{"start":{"line":67,"column":16},"end":{"line":67,"column":34}},{"start":{"line":68,"column":16},"end":{"line":68,"column":34}},{"start":{"line":69,"column":16},"end":{"line":69,"column":38}}]},"2":{"loc":{"start":{"line":71,"column":16},"end":{"line":73,"column":null}},"type":"if","locations":[{"start":{"line":71,"column":16},"end":{"line":73,"column":null}},{"start":{"line":71,"column":16},"end":{"line":73,"column":null}}]},"3":{"loc":{"start":{"line":74,"column":16},"end":{"line":128,"column":null}},"type":"if","locations":[{"start":{"line":74,"column":16},"end":{"line":128,"column":null}},{"start":{"line":74,"column":16},"end":{"line":128,"column":null}}]},"4":{"loc":{"start":{"line":76,"column":20},"end":{"line":127,"column":null}},"type":"if","locations":[{"start":{"line":76,"column":20},"end":{"line":127,"column":null}},{"start":{"line":76,"column":20},"end":{"line":127,"column":null}}]},"5":{"loc":{"start":{"line":80,"column":24},"end":{"line":83,"column":null}},"type":"if","locations":[{"start":{"line":80,"column":24},"end":{"line":83,"column":null}},{"start":{"line":80,"column":24},"end":{"line":83,"column":null}}]},"6":{"loc":{"start":{"line":84,"column":24},"end":{"line":125,"column":null}},"type":"if","locations":[{"start":{"line":84,"column":24},"end":{"line":125,"column":null}},{"start":{"line":84,"column":24},"end":{"line":125,"column":null}}]},"7":{"loc":{"start":{"line":87,"column":28},"end":{"line":89,"column":null}},"type":"if","locations":[{"start":{"line":87,"column":28},"end":{"line":89,"column":null}},{"start":{"line":87,"column":28},"end":{"line":89,"column":null}}]},"8":{"loc":{"start":{"line":91,"column":28},"end":{"line":124,"column":null}},"type":"if","locations":[{"start":{"line":91,"column":28},"end":{"line":124,"column":null}},{"start":{"line":91,"column":28},"end":{"line":124,"column":null}}]},"9":{"loc":{"start":{"line":91,"column":32},"end":{"line":91,"column":50}},"type":"binary-expr","locations":[{"start":{"line":91,"column":32},"end":{"line":91,"column":50}},{"start":{"line":91,"column":54},"end":{"line":91,"column":72}}]},"10":{"loc":{"start":{"line":93,"column":32},"end":{"line":105,"column":null}},"type":"if","locations":[{"start":{"line":93,"column":32},"end":{"line":105,"column":null}},{"start":{"line":93,"column":32},"end":{"line":105,"column":null}}]},"11":{"loc":{"start":{"line":110,"column":35},"end":{"line":124,"column":null}},"type":"if","locations":[{"start":{"line":110,"column":35},"end":{"line":124,"column":null}},{"start":{"line":110,"column":35},"end":{"line":124,"column":null}}]},"12":{"loc":{"start":{"line":111,"column":32},"end":{"line":118,"column":null}},"type":"if","locations":[{"start":{"line":111,"column":32},"end":{"line":118,"column":null}},{"start":{"line":111,"column":32},"end":{"line":118,"column":null}}]},"13":{"loc":{"start":{"line":112,"column":36},"end":{"line":112,"column":56}},"type":"binary-expr","locations":[{"start":{"line":112,"column":36},"end":{"line":112,"column":56}},{"start":{"line":113,"column":36},"end":{"line":113,"column":57}},{"start":{"line":114,"column":36},"end":{"line":114,"column":55}}]},"14":{"loc":{"start":{"line":120,"column":32},"end":{"line":123,"column":null}},"type":"if","locations":[{"start":{"line":120,"column":32},"end":{"line":123,"column":null}},{"start":{"line":120,"column":32},"end":{"line":123,"column":null}}]},"15":{"loc":{"start":{"line":140,"column":12},"end":{"line":141,"column":116}},"type":"switch","locations":[{"start":{"line":140,"column":12},"end":{"line":141,"column":116}},{"start":{"line":142,"column":12},"end":{"line":143,"column":116}},{"start":{"line":144,"column":12},"end":{"line":148,"column":38}}]},"16":{"loc":{"start":{"line":171,"column":12},"end":{"line":173,"column":null}},"type":"if","locations":[{"start":{"line":171,"column":12},"end":{"line":173,"column":null}},{"start":{"line":171,"column":12},"end":{"line":173,"column":null}}]},"17":{"loc":{"start":{"line":185,"column":12},"end":{"line":187,"column":null}},"type":"if","locations":[{"start":{"line":185,"column":12},"end":{"line":187,"column":null}},{"start":{"line":185,"column":12},"end":{"line":187,"column":null}}]},"18":{"loc":{"start":{"line":188,"column":12},"end":{"line":198,"column":null}},"type":"if","locations":[{"start":{"line":188,"column":12},"end":{"line":198,"column":null}},{"start":{"line":188,"column":12},"end":{"line":198,"column":null}}]},"19":{"loc":{"start":{"line":202,"column":8},"end":{"line":207,"column":null}},"type":"if","locations":[{"start":{"line":202,"column":8},"end":{"line":207,"column":null}},{"start":{"line":202,"column":8},"end":{"line":207,"column":null}}]}},"s":{"0":3,"1":3,"2":3,"3":3,"4":3,"5":3,"6":3,"7":3,"8":2,"9":3,"10":1,"11":1,"12":1,"13":1,"14":1,"15":1,"16":1,"17":1,"18":1,"19":1,"20":1,"21":1,"22":1,"23":1,"24":1,"25":3,"26":1,"27":1,"28":1,"29":1,"30":3,"31":1,"32":1,"33":1,"34":1,"35":1,"36":0,"37":0,"38":0,"39":0,"40":0,"41":0,"42":0,"43":0,"44":0,"45":0,"46":0,"47":0,"48":0,"49":0,"50":0,"51":0,"52":0,"53":0,"54":0,"55":0,"56":0,"57":0,"58":0,"59":0,"60":0,"61":0,"62":0,"63":0,"64":0,"65":0,"66":0,"67":0,"68":0,"69":0,"70":0,"71":0,"72":0,"73":0,"74":0,"75":0,"76":0,"77":3,"78":0,"79":0,"80":0,"81":0,"82":0,"83":3,"84":0,"85":0,"86":3,"87":0,"88":0,"89":0,"90":0,"91":0,"92":0,"93":0,"94":0,"95":0,"96":0,"97":3,"98":0,"99":0,"100":0,"101":0,"102":0,"103":0,"104":0,"105":0,"106":0,"107":0,"108":0,"109":0,"110":0,"111":0,"112":3,"113":1,"114":0,"115":0,"116":0,"117":0,"118":3},"f":{"0":2,"1":3,"2":1,"3":1,"4":1,"5":0,"6":0,"7":0,"8":0,"9":0,"10":0,"11":0,"12":1},"b":{"0":[0,0],"1":[0,0,0,0],"2":[0,0],"3":[0,0],"4":[0,0],"5":[0,0],"6":[0,0],"7":[0,0],"8":[0,0],"9":[0,0],"10":[0,0],"11":[0,0],"12":[0,0],"13":[0,0,0],"14":[0,0],"15":[0,0,0],"16":[0,0],"17":[0,0],"18":[0,0],"19":[0,1]}}
,"/Users/alexandre.delaloy/_/PERSO/outof216/src/Controllers/UserController.ts": {"path":"/Users/alexandre.delaloy/_/PERSO/outof216/src/Controllers/UserController.ts","statementMap":{"0":{"start":{"line":4,"column":0},"end":{"line":4,"column":null}},"1":{"start":{"line":8,"column":8},"end":{"line":8,"column":27}},"2":{"start":{"line":9,"column":8},"end":{"line":9,"column":25}},"3":{"start":{"line":11,"column":11},"end":{"line":17,"column":null}},"4":{"start":{"line":12,"column":8},"end":{"line":15,"column":10}},"5":{"start":{"line":16,"column":8},"end":{"line":16,"column":33}},"6":{"start":{"line":18,"column":11},"end":{"line":20,"column":null}},"7":{"start":{"line":19,"column":8},"end":{"line":19,"column":35}},"8":{"start":{"line":21,"column":12},"end":{"line":37,"column":null}},"9":{"start":{"line":21,"column":4},"end":{"line":21,"column":12}},"10":{"start":{"line":22,"column":25},"end":{"line":22,"column":59}},"11":{"start":{"line":23,"column":8},"end":{"line":36,"column":null}},"12":{"start":{"line":24,"column":12},"end":{"line":30,"column":15}},"13":{"start":{"line":25,"column":28},"end":{"line":25,"column":51}},"14":{"start":{"line":26,"column":16},"end":{"line":26,"column":44}},"15":{"start":{"line":27,"column":16},"end":{"line":27,"column":47}},"16":{"start":{"line":28,"column":16},"end":{"line":28,"column":48}},"17":{"start":{"line":29,"column":16},"end":{"line":29,"column":52}},"18":{"start":{"line":32,"column":12},"end":{"line":35,"column":15}},"19":{"start":{"line":33,"column":16},"end":{"line":33,"column":36}},"20":{"start":{"line":34,"column":16},"end":{"line":34,"column":35}},"21":{"start":{"line":38,"column":0},"end":{"line":38,"column":null}}},"fnMap":{"0":{"name":"(anonymous_0)","decl":{"start":{"line":4,"column":0},"end":{"line":4,"column":null}},"loc":{"start":{"line":4,"column":0},"end":{"line":38,"column":null}}},"1":{"name":"UserController","decl":{"start":{"line":7,"column":4},"end":{"line":7,"column":16}},"loc":{"start":{"line":7,"column":37},"end":{"line":10,"column":5}}},"2":{"name":"(anonymous_2)","decl":{"start":{"line":11,"column":4},"end":{"line":11,"column":11}},"loc":{"start":{"line":11,"column":4},"end":{"line":17,"column":5}}},"3":{"name":"(anonymous_3)","decl":{"start":{"line":18,"column":4},"end":{"line":18,"column":11}},"loc":{"start":{"line":18,"column":4},"end":{"line":20,"column":5}}},"4":{"name":"(anonymous_4)","decl":{"start":{"line":21,"column":4},"end":{"line":21,"column":12}},"loc":{"start":{"line":21,"column":4},"end":{"line":37,"column":5}}},"5":{"name":"(anonymous_5)","decl":{"start":{"line":24,"column":58},"end":{"line":24,"column":null}},"loc":{"start":{"line":24,"column":58},"end":{"line":30,"column":13}}},"6":{"name":"(anonymous_6)","decl":{"start":{"line":32,"column":47},"end":{"line":32,"column":48}},"loc":{"start":{"line":32,"column":48},"end":{"line":35,"column":13}}}},"branchMap":{"0":{"loc":{"start":{"line":23,"column":8},"end":{"line":36,"column":null}},"type":"if","locations":[{"start":{"line":23,"column":8},"end":{"line":36,"column":null}},{"start":{"line":23,"column":8},"end":{"line":36,"column":null}}]}},"s":{"0":3,"1":2,"2":2,"3":3,"4":2,"5":2,"6":3,"7":1,"8":3,"9":2,"10":2,"11":2,"12":0,"13":0,"14":0,"15":0,"16":0,"17":0,"18":0,"19":0,"20":0,"21":3},"f":{"0":3,"1":2,"2":2,"3":1,"4":2,"5":0,"6":0},"b":{"0":[0,2]}}
,"/Users/alexandre.delaloy/_/PERSO/outof216/src/Models/ChartsModel.ts": {"path":"/Users/alexandre.delaloy/_/PERSO/outof216/src/Models/ChartsModel.ts","statementMap":{"0":{"start":{"line":3,"column":0},"end":{"line":3,"column":null}},"1":{"start":{"line":7,"column":8},"end":{"line":7,"column":25}},"2":{"start":{"line":8,"column":8},"end":{"line":8,"column":39}},"3":{"start":{"line":10,"column":11},"end":{"line":12,"column":null}},"4":{"start":{"line":11,"column":8},"end":{"line":11,"column":25}},"5":{"start":{"line":13,"column":11},"end":{"line":15,"column":null}},"6":{"start":{"line":14,"column":8},"end":{"line":14,"column":28}},"7":{"start":{"line":16,"column":11},"end":{"line":18,"column":null}},"8":{"start":{"line":17,"column":8},"end":{"line":17,"column":32}},"9":{"start":{"line":19,"column":11},"end":{"line":21,"column":null}},"10":{"start":{"line":20,"column":8},"end":{"line":20,"column":42}},"11":{"start":{"line":22,"column":0},"end":{"line":22,"column":null}}},"fnMap":{"0":{"name":"(anonymous_0)","decl":{"start":{"line":3,"column":0},"end":{"line":3,"column":null}},"loc":{"start":{"line":3,"column":0},"end":{"line":22,"column":null}}},"1":{"name":"ChartsModel","decl":{"start":{"line":6,"column":4},"end":{"line":6,"column":16}},"loc":{"start":{"line":6,"column":48},"end":{"line":9,"column":5}}},"2":{"name":"(anonymous_2)","decl":{"start":{"line":10,"column":4},"end":{"line":10,"column":11}},"loc":{"start":{"line":10,"column":4},"end":{"line":12,"column":5}}},"3":{"name":"(anonymous_3)","decl":{"start":{"line":13,"column":4},"end":{"line":13,"column":11}},"loc":{"start":{"line":13,"column":33},"end":{"line":15,"column":5}}},"4":{"name":"(anonymous_4)","decl":{"start":{"line":16,"column":4},"end":{"line":16,"column":11}},"loc":{"start":{"line":16,"column":4},"end":{"line":18,"column":5}}},"5":{"name":"(anonymous_5)","decl":{"start":{"line":19,"column":4},"end":{"line":19,"column":11}},"loc":{"start":{"line":19,"column":48},"end":{"line":21,"column":5}}}},"branchMap":{},"s":{"0":3,"1":4,"2":4,"3":3,"4":1,"5":3,"6":0,"7":3,"8":1,"9":3,"10":0,"11":3},"f":{"0":3,"1":4,"2":1,"3":0,"4":1,"5":0},"b":{}}
,"/Users/alexandre.delaloy/_/PERSO/outof216/src/Models/ClockModel.ts": {"path":"/Users/alexandre.delaloy/_/PERSO/outof216/src/Models/ClockModel.ts","statementMap":{"0":{"start":{"line":1,"column":0},"end":{"line":1,"column":null}},"1":{"start":{"line":4,"column":8},"end":{"line":4,"column":31}},"2":{"start":{"line":6,"column":11},"end":{"line":8,"column":null}},"3":{"start":{"line":7,"column":8},"end":{"line":7,"column":28}},"4":{"start":{"line":9,"column":11},"end":{"line":11,"column":null}},"5":{"start":{"line":10,"column":8},"end":{"line":10,"column":34}},"6":{"start":{"line":12,"column":0},"end":{"line":12,"column":null}}},"fnMap":{"0":{"name":"(anonymous_0)","decl":{"start":{"line":1,"column":0},"end":{"line":1,"column":null}},"loc":{"start":{"line":1,"column":0},"end":{"line":12,"column":null}}},"1":{"name":"ClockModel","decl":{"start":{"line":3,"column":4},"end":{"line":3,"column":16}},"loc":{"start":{"line":3,"column":31},"end":{"line":5,"column":5}}},"2":{"name":"(anonymous_2)","decl":{"start":{"line":6,"column":4},"end":{"line":6,"column":11}},"loc":{"start":{"line":6,"column":4},"end":{"line":8,"column":5}}},"3":{"name":"(anonymous_3)","decl":{"start":{"line":9,"column":4},"end":{"line":9,"column":11}},"loc":{"start":{"line":9,"column":40},"end":{"line":11,"column":5}}}},"branchMap":{},"s":{"0":4,"1":3,"2":4,"3":3,"4":4,"5":1,"6":4},"f":{"0":4,"1":3,"2":3,"3":1},"b":{}}
,"/Users/alexandre.delaloy/_/PERSO/outof216/src/Models/PodiumModel.ts": {"path":"/Users/alexandre.delaloy/_/PERSO/outof216/src/Models/PodiumModel.ts","statementMap":{"0":{"start":{"line":3,"column":0},"end":{"line":3,"column":null}},"1":{"start":{"line":6,"column":8},"end":{"line":6,"column":27}},"2":{"start":{"line":8,"column":11},"end":{"line":10,"column":null}},"3":{"start":{"line":9,"column":8},"end":{"line":9,"column":26}},"4":{"start":{"line":11,"column":11},"end":{"line":13,"column":null}},"5":{"start":{"line":12,"column":8},"end":{"line":12,"column":30}},"6":{"start":{"line":14,"column":0},"end":{"line":14,"column":null}}},"fnMap":{"0":{"name":"(anonymous_0)","decl":{"start":{"line":3,"column":0},"end":{"line":3,"column":null}},"loc":{"start":{"line":3,"column":0},"end":{"line":14,"column":null}}},"1":{"name":"PodiumModel","decl":{"start":{"line":5,"column":4},"end":{"line":5,"column":16}},"loc":{"start":{"line":5,"column":30},"end":{"line":7,"column":5}}},"2":{"name":"(anonymous_2)","decl":{"start":{"line":8,"column":4},"end":{"line":8,"column":11}},"loc":{"start":{"line":8,"column":4},"end":{"line":10,"column":5}}},"3":{"name":"(anonymous_3)","decl":{"start":{"line":11,"column":4},"end":{"line":11,"column":11}},"loc":{"start":{"line":11,"column":37},"end":{"line":13,"column":5}}}},"branchMap":{},"s":{"0":3,"1":0,"2":3,"3":0,"4":3,"5":0,"6":3},"f":{"0":3,"1":0,"2":0,"3":0},"b":{}}
,"/Users/alexandre.delaloy/_/PERSO/outof216/src/Models/TypewriterModel.ts": {"path":"/Users/alexandre.delaloy/_/PERSO/outof216/src/Models/TypewriterModel.ts","statementMap":{"0":{"start":{"line":1,"column":0},"end":{"line":1,"column":null}},"1":{"start":{"line":4,"column":8},"end":{"line":4,"column":27}},"2":{"start":{"line":6,"column":11},"end":{"line":8,"column":null}},"3":{"start":{"line":7,"column":8},"end":{"line":7,"column":26}},"4":{"start":{"line":9,"column":11},"end":{"line":11,"column":null}},"5":{"start":{"line":10,"column":8},"end":{"line":10,"column":30}},"6":{"start":{"line":12,"column":0},"end":{"line":12,"column":null}}},"fnMap":{"0":{"name":"(anonymous_0)","decl":{"start":{"line":1,"column":0},"end":{"line":1,"column":null}},"loc":{"start":{"line":1,"column":0},"end":{"line":12,"column":null}}},"1":{"name":"TypewriterModel","decl":{"start":{"line":3,"column":4},"end":{"line":3,"column":16}},"loc":{"start":{"line":3,"column":33},"end":{"line":5,"column":5}}},"2":{"name":"(anonymous_2)","decl":{"start":{"line":6,"column":4},"end":{"line":6,"column":11}},"loc":{"start":{"line":6,"column":4},"end":{"line":8,"column":5}}},"3":{"name":"(anonymous_3)","decl":{"start":{"line":9,"column":4},"end":{"line":9,"column":11}},"loc":{"start":{"line":9,"column":33},"end":{"line":11,"column":5}}}},"branchMap":{},"s":{"0":3,"1":1,"2":3,"3":1,"4":3,"5":0,"6":3},"f":{"0":3,"1":1,"2":1,"3":0},"b":{}}
,"/Users/alexandre.delaloy/_/PERSO/outof216/src/Models/UserModel.ts": {"path":"/Users/alexandre.delaloy/_/PERSO/outof216/src/Models/UserModel.ts","statementMap":{"0":{"start":{"line":3,"column":0},"end":{"line":3,"column":null}},"1":{"start":{"line":11,"column":8},"end":{"line":11,"column":25}},"2":{"start":{"line":12,"column":8},"end":{"line":12,"column":31}},"3":{"start":{"line":14,"column":11},"end":{"line":16,"column":null}},"4":{"start":{"line":15,"column":8},"end":{"line":15,"column":25}},"5":{"start":{"line":17,"column":11},"end":{"line":19,"column":null}},"6":{"start":{"line":18,"column":8},"end":{"line":18,"column":28}},"7":{"start":{"line":20,"column":11},"end":{"line":22,"column":null}},"8":{"start":{"line":21,"column":8},"end":{"line":21,"column":28}},"9":{"start":{"line":23,"column":11},"end":{"line":25,"column":null}},"10":{"start":{"line":24,"column":8},"end":{"line":24,"column":34}},"11":{"start":{"line":26,"column":0},"end":{"line":26,"column":null}}},"fnMap":{"0":{"name":"(anonymous_0)","decl":{"start":{"line":3,"column":0},"end":{"line":3,"column":null}},"loc":{"start":{"line":3,"column":0},"end":{"line":26,"column":null}}},"1":{"name":"UserModel","decl":{"start":{"line":7,"column":4},"end":{"line":7,"column":null}},"loc":{"start":{"line":9,"column":24},"end":{"line":13,"column":5}}},"2":{"name":"(anonymous_2)","decl":{"start":{"line":14,"column":4},"end":{"line":14,"column":11}},"loc":{"start":{"line":14,"column":4},"end":{"line":16,"column":5}}},"3":{"name":"(anonymous_3)","decl":{"start":{"line":17,"column":4},"end":{"line":17,"column":11}},"loc":{"start":{"line":17,"column":33},"end":{"line":19,"column":5}}},"4":{"name":"(anonymous_4)","decl":{"start":{"line":20,"column":4},"end":{"line":20,"column":11}},"loc":{"start":{"line":20,"column":4},"end":{"line":22,"column":5}}},"5":{"name":"(anonymous_5)","decl":{"start":{"line":23,"column":4},"end":{"line":23,"column":11}},"loc":{"start":{"line":23,"column":41},"end":{"line":25,"column":5}}}},"branchMap":{},"s":{"0":3,"1":6,"2":6,"3":3,"4":6,"5":3,"6":0,"7":3,"8":2,"9":3,"10":0,"11":3},"f":{"0":3,"1":6,"2":6,"3":0,"4":2,"5":0},"b":{}}
,"/Users/alexandre.delaloy/_/PERSO/outof216/src/Views/ChartsView.ts": {"path":"/Users/alexandre.delaloy/_/PERSO/outof216/src/Views/ChartsView.ts","statementMap":{"0":{"start":{"line":1,"column":0},"end":{"line":1,"column":29}},"1":{"start":{"line":5,"column":0},"end":{"line":5,"column":null}},"2":{"start":{"line":9,"column":8},"end":{"line":9,"column":31}},"3":{"start":{"line":10,"column":8},"end":{"line":10,"column":29}},"4":{"start":{"line":12,"column":12},"end":{"line":107,"column":null}},"5":{"start":{"line":13,"column":26},"end":{"line":16,"column":10}},"6":{"start":{"line":17,"column":27},"end":{"line":27,"column":10}},"7":{"start":{"line":32,"column":42},"end":{"line":71,"column":10}},"8":{"start":{"line":72,"column":8},"end":{"line":88,"column":11}},"9":{"start":{"line":90,"column":8},"end":{"line":106,"column":11}},"10":{"start":{"line":108,"column":12},"end":{"line":119,"column":null}},"11":{"start":{"line":109,"column":8},"end":{"line":112,"column":10}},"12":{"start":{"line":113,"column":8},"end":{"line":116,"column":10}},"13":{"start":{"line":117,"column":8},"end":{"line":117,"column":31}},"14":{"start":{"line":118,"column":8},"end":{"line":118,"column":33}},"15":{"start":{"line":120,"column":0},"end":{"line":120,"column":null}}},"fnMap":{"0":{"name":"(anonymous_3)","decl":{"start":{"line":5,"column":0},"end":{"line":5,"column":null}},"loc":{"start":{"line":5,"column":0},"end":{"line":120,"column":null}}},"1":{"name":"ChartsView","decl":{"start":{"line":8,"column":4},"end":{"line":8,"column":null}},"loc":{"start":{"line":8,"column":4},"end":{"line":11,"column":5}}},"2":{"name":"(anonymous_5)","decl":{"start":{"line":12,"column":4},"end":{"line":12,"column":12}},"loc":{"start":{"line":12,"column":52},"end":{"line":107,"column":5}}},"3":{"name":"(anonymous_6)","decl":{"start":{"line":108,"column":4},"end":{"line":108,"column":12}},"loc":{"start":{"line":108,"column":51},"end":{"line":119,"column":5}}}},"branchMap":{},"s":{"0":3,"1":3,"2":4,"3":4,"4":3,"5":1,"6":1,"7":1,"8":1,"9":1,"10":3,"11":0,"12":0,"13":0,"14":0,"15":3},"f":{"0":3,"1":4,"2":1,"3":0},"b":{}}
,"/Users/alexandre.delaloy/_/PERSO/outof216/src/Views/ClockView.ts": {"path":"/Users/alexandre.delaloy/_/PERSO/outof216/src/Views/ClockView.ts","statementMap":{"0":{"start":{"line":1,"column":0},"end":{"line":1,"column":null}},"1":{"start":{"line":4,"column":8},"end":{"line":4,"column":35}},"2":{"start":{"line":6,"column":12},"end":{"line":11,"column":null}},"3":{"start":{"line":7,"column":8},"end":{"line":7,"column":38}},"4":{"start":{"line":8,"column":8},"end":{"line":10,"column":null}},"5":{"start":{"line":8,"column":21},"end":{"line":8,"column":22}},"6":{"start":{"line":9,"column":12},"end":{"line":9,"column":44}},"7":{"start":{"line":12,"column":12},"end":{"line":17,"column":null}},"8":{"start":{"line":13,"column":8},"end":{"line":13,"column":38}},"9":{"start":{"line":14,"column":8},"end":{"line":16,"column":null}},"10":{"start":{"line":14,"column":21},"end":{"line":14,"column":22}},"11":{"start":{"line":15,"column":12},"end":{"line":15,"column":44}},"12":{"start":{"line":18,"column":0},"end":{"line":18,"column":null}}},"fnMap":{"0":{"name":"(anonymous_0)","decl":{"start":{"line":1,"column":0},"end":{"line":1,"column":null}},"loc":{"start":{"line":1,"column":0},"end":{"line":18,"column":null}}},"1":{"name":"ClockView","decl":{"start":{"line":3,"column":4},"end":{"line":3,"column":16}},"loc":{"start":{"line":3,"column":38},"end":{"line":5,"column":5}}},"2":{"name":"(anonymous_2)","decl":{"start":{"line":6,"column":4},"end":{"line":6,"column":12}},"loc":{"start":{"line":6,"column":35},"end":{"line":11,"column":5}}},"3":{"name":"(anonymous_3)","decl":{"start":{"line":12,"column":4},"end":{"line":12,"column":12}},"loc":{"start":{"line":12,"column":34},"end":{"line":17,"column":5}}}},"branchMap":{},"s":{"0":4,"1":2,"2":4,"3":2,"4":2,"5":2,"6":120,"7":4,"8":1,"9":1,"10":1,"11":60,"12":4},"f":{"0":4,"1":2,"2":2,"3":1},"b":{}}
,"/Users/alexandre.delaloy/_/PERSO/outof216/src/Views/PodiumView.ts": {"path":"/Users/alexandre.delaloy/_/PERSO/outof216/src/Views/PodiumView.ts","statementMap":{"0":{"start":{"line":1,"column":0},"end":{"line":1,"column":29}},"1":{"start":{"line":11,"column":0},"end":{"line":11,"column":null}},"2":{"start":{"line":14,"column":8},"end":{"line":14,"column":26}},"3":{"start":{"line":16,"column":12},"end":{"line":62,"column":null}},"4":{"start":{"line":17,"column":25},"end":{"line":17,"column":63}},"5":{"start":{"line":18,"column":8},"end":{"line":53,"column":11}},"6":{"start":{"line":55,"column":8},"end":{"line":58,"column":null}},"7":{"start":{"line":55,"column":21},"end":{"line":55,"column":22}},"8":{"start":{"line":56,"column":12},"end":{"line":56,"column":71}},"9":{"start":{"line":57,"column":12},"end":{"line":57,"column":53}},"10":{"start":{"line":59,"column":8},"end":{"line":59,"column":59}},"11":{"start":{"line":60,"column":8},"end":{"line":60,"column":60}},"12":{"start":{"line":63,"column":12},"end":{"line":68,"column":null}},"13":{"start":{"line":64,"column":8},"end":{"line":66,"column":null}},"14":{"start":{"line":64,"column":21},"end":{"line":64,"column":22}},"15":{"start":{"line":65,"column":12},"end":{"line":65,"column":63}},"16":{"start":{"line":67,"column":8},"end":{"line":67,"column":28}},"17":{"start":{"line":69,"column":12},"end":{"line":90,"column":null}},"18":{"start":{"line":69,"column":4},"end":{"line":69,"column":12}},"19":{"start":{"line":70,"column":21},"end":{"line":70,"column":25}},"20":{"start":{"line":71,"column":8},"end":{"line":89,"column":11}},"21":{"start":{"line":72,"column":12},"end":{"line":72,"column":29}},"22":{"start":{"line":74,"column":12},"end":{"line":87,"column":null}},"23":{"start":{"line":74,"column":25},"end":{"line":74,"column":26}},"24":{"start":{"line":75,"column":32},"end":{"line":75,"column":59}},"25":{"start":{"line":76,"column":16},"end":{"line":86,"column":null}},"26":{"start":{"line":77,"column":20},"end":{"line":78,"column":52}},"27":{"start":{"line":79,"column":20},"end":{"line":79,"column":42}},"28":{"start":{"line":80,"column":20},"end":{"line":80,"column":51}},"29":{"start":{"line":82,"column":20},"end":{"line":82,"column":58}},"30":{"start":{"line":83,"column":20},"end":{"line":83,"column":52}},"31":{"start":{"line":84,"column":20},"end":{"line":84,"column":42}},"32":{"start":{"line":85,"column":20},"end":{"line":85,"column":77}},"33":{"start":{"line":88,"column":12},"end":{"line":88,"column":32}},"34":{"start":{"line":91,"column":0},"end":{"line":91,"column":null}}},"fnMap":{"0":{"name":"(anonymous_1)","decl":{"start":{"line":11,"column":0},"end":{"line":11,"column":null}},"loc":{"start":{"line":11,"column":0},"end":{"line":91,"column":null}}},"1":{"name":"PodiumView","decl":{"start":{"line":13,"column":4},"end":{"line":13,"column":null}},"loc":{"start":{"line":13,"column":4},"end":{"line":15,"column":5}}},"2":{"name":"(anonymous_3)","decl":{"start":{"line":16,"column":4},"end":{"line":16,"column":12}},"loc":{"start":{"line":16,"column":34},"end":{"line":62,"column":5}}},"3":{"name":"(anonymous_4)","decl":{"start":{"line":63,"column":4},"end":{"line":63,"column":12}},"loc":{"start":{"line":63,"column":33},"end":{"line":68,"column":5}}},"4":{"name":"(anonymous_5)","decl":{"start":{"line":69,"column":4},"end":{"line":69,"column":12}},"loc":{"start":{"line":69,"column":33},"end":{"line":90,"column":5}}},"5":{"name":"(anonymous_6)","decl":{"start":{"line":71,"column":65},"end":{"line":71,"column":null}},"loc":{"start":{"line":71,"column":65},"end":{"line":89,"column":9}}}},"branchMap":{"0":{"loc":{"start":{"line":76,"column":16},"end":{"line":86,"column":null}},"type":"if","locations":[{"start":{"line":76,"column":16},"end":{"line":86,"column":null}},{"start":{"line":76,"column":16},"end":{"line":86,"column":null}}]}},"s":{"0":3,"1":3,"2":0,"3":3,"4":0,"5":0,"6":0,"7":0,"8":0,"9":0,"10":0,"11":0,"12":3,"13":0,"14":0,"15":0,"16":0,"17":3,"18":0,"19":0,"20":0,"21":0,"22":0,"23":0,"24":0,"25":0,"26":0,"27":0,"28":0,"29":0,"30":0,"31":0,"32":0,"33":0,"34":3},"f":{"0":3,"1":0,"2":0,"3":0,"4":0,"5":0},"b":{"0":[0,0]}}
,"/Users/alexandre.delaloy/_/PERSO/outof216/src/Views/TypewriterView.ts": {"path":"/Users/alexandre.delaloy/_/PERSO/outof216/src/Views/TypewriterView.ts","statementMap":{"0":{"start":{"line":1,"column":0},"end":{"line":1,"column":null}},"1":{"start":{"line":4,"column":8},"end":{"line":4,"column":35}},"2":{"start":{"line":6,"column":12},"end":{"line":19,"column":null}},"3":{"start":{"line":11,"column":8},"end":{"line":18,"column":10}},"4":{"start":{"line":16,"column":16},"end":{"line":16,"column":55}},"5":{"start":{"line":20,"column":0},"end":{"line":20,"column":null}}},"fnMap":{"0":{"name":"(anonymous_0)","decl":{"start":{"line":1,"column":0},"end":{"line":1,"column":null}},"loc":{"start":{"line":1,"column":0},"end":{"line":20,"column":null}}},"1":{"name":"TypewriterView","decl":{"start":{"line":3,"column":4},"end":{"line":3,"column":16}},"loc":{"start":{"line":3,"column":38},"end":{"line":5,"column":5}}},"2":{"name":"(anonymous_2)","decl":{"start":{"line":6,"column":4},"end":{"line":6,"column":12}},"loc":{"start":{"line":9,"column":33},"end":{"line":19,"column":5}}},"3":{"name":"(anonymous_3)","decl":{"start":{"line":15,"column":42},"end":{"line":15,"column":43}},"loc":{"start":{"line":15,"column":57},"end":{"line":17,"column":13}}}},"branchMap":{"0":{"loc":{"start":{"line":13,"column":35},"end":{"line":13,"column":44}},"type":"cond-expr","locations":[{"start":{"line":13,"column":35},"end":{"line":13,"column":44}},{"start":{"line":13,"column":47},"end":{"line":13,"column":49}}]},"1":{"loc":{"start":{"line":14,"column":37},"end":{"line":14,"column":46}},"type":"cond-expr","locations":[{"start":{"line":14,"column":37},"end":{"line":14,"column":46}},{"start":{"line":14,"column":49},"end":{"line":14,"column":51}}]}},"s":{"0":3,"1":1,"2":3,"3":1,"4":2,"5":3},"f":{"0":3,"1":1,"2":1,"3":2},"b":{"0":[0,1],"1":[0,1]}}
,"/Users/alexandre.delaloy/_/PERSO/outof216/src/Views/UserView.ts": {"path":"/Users/alexandre.delaloy/_/PERSO/outof216/src/Views/UserView.ts","statementMap":{"0":{"start":{"line":3,"column":11},"end":{"line":3,"column":43}},"1":{"start":{"line":3,"column":35},"end":{"line":3,"column":68}},"2":{"start":{"line":5,"column":0},"end":{"line":5,"column":null}},"3":{"start":{"line":8,"column":8},"end":{"line":8,"column":35}},"4":{"start":{"line":10,"column":12},"end":{"line":26,"column":null}},"5":{"start":{"line":11,"column":50},"end":{"line":17,"column":10}},"6":{"start":{"line":20,"column":8},"end":{"line":24,"column":11}},"7":{"start":{"line":21,"column":12},"end":{"line":23,"column":null}},"8":{"start":{"line":22,"column":16},"end":{"line":22,"column":32}},"9":{"start":{"line":25,"column":8},"end":{"line":25,"column":23}},"10":{"start":{"line":27,"column":12},"end":{"line":72,"column":null}},"11":{"start":{"line":31,"column":8},"end":{"line":64,"column":10}},"12":{"start":{"line":65,"column":8},"end":{"line":71,"column":null}},"13":{"start":{"line":66,"column":12},"end":{"line":70,"column":20}},"14":{"start":{"line":67,"column":16},"end":{"line":67,"column":50}},"15":{"start":{"line":68,"column":48},"end":{"line":68,"column":72}},"16":{"start":{"line":69,"column":16},"end":{"line":69,"column":30}},"17":{"start":{"line":73,"column":12},"end":{"line":79,"column":null}},"18":{"start":{"line":74,"column":8},"end":{"line":76,"column":null}},"19":{"start":{"line":75,"column":12},"end":{"line":75,"column":40}},"20":{"start":{"line":77,"column":8},"end":{"line":77,"column":38}},"21":{"start":{"line":80,"column":0},"end":{"line":80,"column":null}}},"fnMap":{"0":{"name":"(anonymous_0)","decl":{"start":{"line":3,"column":11},"end":{"line":3,"column":12}},"loc":{"start":{"line":3,"column":25},"end":{"line":3,"column":43}}},"1":{"name":"(anonymous_1)","decl":{"start":{"line":5,"column":0},"end":{"line":5,"column":null}},"loc":{"start":{"line":5,"column":0},"end":{"line":80,"column":null}}},"2":{"name":"UserView","decl":{"start":{"line":7,"column":4},"end":{"line":7,"column":16}},"loc":{"start":{"line":7,"column":38},"end":{"line":9,"column":5}}},"3":{"name":"(anonymous_3)","decl":{"start":{"line":10,"column":4},"end":{"line":10,"column":12}},"loc":{"start":{"line":10,"column":34},"end":{"line":26,"column":5}}},"4":{"name":"(anonymous_4)","decl":{"start":{"line":20,"column":25},"end":{"line":20,"column":27}},"loc":{"start":{"line":20,"column":27},"end":{"line":24,"column":9}}},"5":{"name":"(anonymous_5)","decl":{"start":{"line":27,"column":4},"end":{"line":27,"column":12}},"loc":{"start":{"line":29,"column":24},"end":{"line":72,"column":5}}},"6":{"name":"(anonymous_6)","decl":{"start":{"line":66,"column":23},"end":{"line":66,"column":null}},"loc":{"start":{"line":66,"column":23},"end":{"line":70,"column":13}}},"7":{"name":"(anonymous_7)","decl":{"start":{"line":73,"column":4},"end":{"line":73,"column":12}},"loc":{"start":{"line":73,"column":4},"end":{"line":79,"column":5}}}},"branchMap":{"0":{"loc":{"start":{"line":21,"column":12},"end":{"line":23,"column":null}},"type":"if","locations":[{"start":{"line":21,"column":12},"end":{"line":23,"column":null}},{"start":{"line":21,"column":12},"end":{"line":23,"column":null}}]},"1":{"loc":{"start":{"line":32,"column":24},"end":{"line":45,"column":null}},"type":"cond-expr","locations":[{"start":{"line":32,"column":24},"end":{"line":45,"column":null}},{"start":{"line":63,"column":16},"end":{"line":63,"column":18}}]},"2":{"loc":{"start":{"line":65,"column":8},"end":{"line":71,"column":null}},"type":"if","locations":[{"start":{"line":65,"column":8},"end":{"line":71,"column":null}},{"start":{"line":65,"column":8},"end":{"line":71,"column":null}}]},"3":{"loc":{"start":{"line":74,"column":8},"end":{"line":76,"column":null}},"type":"if","locations":[{"start":{"line":74,"column":8},"end":{"line":76,"column":null}},{"start":{"line":74,"column":8},"end":{"line":76,"column":null}}]}},"s":{"0":3,"1":1,"2":3,"3":2,"4":3,"5":0,"6":0,"7":0,"8":0,"9":0,"10":3,"11":2,"12":2,"13":0,"14":0,"15":0,"16":0,"17":3,"18":1,"19":0,"20":1,"21":3},"f":{"0":1,"1":3,"2":2,"3":0,"4":0,"5":2,"6":0,"7":1},"b":{"0":[0,0],"1":[0,2],"2":[0,2],"3":[0,1]}}
}
