TN:
SF:/Users/alexandre.delaloy/_/PERSO/outof216/src/utils.ts
FN:41,(anonymous_17)
FN:42,(anonymous_18)
FN:42,(anonymous_19)
FN:51,(anonymous_21)
FN:55,(anonymous_22)
FN:64,(anonymous_23)
FN:85,(anonymous_24)
FN:93,(anonymous_25)
FN:96,(anonymous_26)
FN:105,(anonymous_27)
FN:112,(anonymous_28)
FN:118,(anonymous_29)
FN:125,(anonymous_30)
FNF:13
FNH:0
FNDA:0,(anonymous_17)
FNDA:0,(anonymous_18)
FNDA:0,(anonymous_19)
FNDA:0,(anonymous_21)
FNDA:0,(anonymous_22)
FNDA:0,(anonymous_23)
FNDA:0,(anonymous_24)
FNDA:0,(anonymous_25)
FNDA:0,(anonymous_26)
FNDA:0,(anonymous_27)
FNDA:0,(anonymous_28)
FNDA:0,(anonymous_29)
FNDA:0,(anonymous_30)
DA:1,3
DA:2,3
DA:3,3
DA:4,3
DA:6,3
DA:7,3
DA:8,3
DA:9,3
DA:10,3
DA:11,3
DA:12,3
DA:13,3
DA:14,3
DA:15,3
DA:19,3
DA:31,3
DA:35,3
DA:41,3
DA:42,0
DA:43,0
DA:44,0
DA:45,0
DA:46,0
DA:47,0
DA:51,3
DA:52,0
DA:53,0
DA:55,0
DA:56,0
DA:58,0
DA:59,0
DA:60,0
DA:64,0
DA:65,0
DA:66,0
DA:68,0
DA:69,0
DA:71,0
DA:74,0
DA:76,0
DA:81,0
DA:82,0
DA:83,0
DA:85,0
DA:86,0
DA:87,0
DA:88,0
DA:93,3
DA:94,0
DA:95,0
DA:97,0
DA:98,0
DA:99,0
DA:100,0
DA:101,0
DA:102,0
DA:105,0
DA:106,0
DA:108,0
DA:112,3
DA:113,0
DA:118,0
DA:121,0
DA:122,0
DA:125,3
DA:126,0
LF:66
LH:22
BRDA:59,0,0,0
BRDA:59,0,1,0
BRDA:65,1,0,0
BRDA:65,1,1,0
BRDA:68,2,0,0
BRDA:68,2,1,0
BRDA:100,3,0,0
BRDA:100,3,1,0
BRF:8
BRH:0
end_of_record
TN:
SF:/Users/alexandre.delaloy/_/PERSO/outof216/src/Controllers/ChartsController.ts
FN:1,(anonymous_0)
FN:5,ChartController
FN:10,(anonymous_2)
FN:16,(anonymous_3)
FNF:4
FNH:4
FNDA:3,(anonymous_0)
FNDA:4,ChartController
FNDA:1,(anonymous_2)
FNDA:1,(anonymous_3)
DA:1,3
DA:6,4
DA:7,4
DA:8,4
DA:10,3
DA:11,1
DA:16,3
DA:17,1
DA:18,0
DA:24,3
LF:10
LH:9
BRDA:17,0,0,0
BRDA:17,0,1,1
BRF:2
BRH:1
end_of_record
TN:
SF:/Users/alexandre.delaloy/_/PERSO/outof216/src/Controllers/ClockController.ts
FN:1,(anonymous_0)
FN:4,ClockController
FN:8,(anonymous_2)
FN:11,(anonymous_3)
FNF:4
FNH:4
FNDA:4,(anonymous_0)
FNDA:2,ClockController
FNDA:2,(anonymous_2)
FNDA:1,(anonymous_3)
DA:1,4
DA:5,2
DA:6,2
DA:8,4
DA:9,2
DA:11,4
DA:12,1
DA:14,4
LF:8
LH:8
BRF:0
BRH:0
end_of_record
TN:
SF:/Users/alexandre.delaloy/_/PERSO/outof216/src/Controllers/PodiumController.ts
FN:1,(anonymous_0)
FN:4,PodiumController
FN:8,(anonymous_2)
FN:11,(anonymous_3)
FNF:4
FNH:1
FNDA:3,(anonymous_0)
FNDA:0,PodiumController
FNDA:0,(anonymous_2)
FNDA:0,(anonymous_3)
DA:1,3
DA:5,0
DA:6,0
DA:8,3
DA:9,0
DA:11,3
DA:12,0
DA:14,3
LF:8
LH:4
BRF:0
BRH:0
end_of_record
TN:
SF:/Users/alexandre.delaloy/_/PERSO/outof216/src/Controllers/TypewriterController.ts
FN:11,(anonymous_1)
FN:13,(anonymous_2)
FN:29,TypewriterController
FN:49,(anonymous_4)
FN:59,(anonymous_5)
FN:64,(anonymous_6)
FN:138,(anonymous_7)
FN:155,(anonymous_8)
FN:164,(anonymous_9)
FN:165,(anonymous_10)
FN:180,(anonymous_11)
FN:181,(anonymous_12)
FN:201,(anonymous_13)
FNF:13
FNH:6
FNDA:2,(anonymous_1)
FNDA:3,(anonymous_2)
FNDA:1,TypewriterController
FNDA:1,(anonymous_4)
FNDA:1,(anonymous_5)
FNDA:0,(anonymous_6)
FNDA:0,(anonymous_7)
FNDA:0,(anonymous_8)
FNDA:0,(anonymous_9)
FNDA:0,(anonymous_10)
FNDA:0,(anonymous_11)
FNDA:0,(anonymous_12)
FNDA:1,(anonymous_13)
DA:1,3
DA:2,3
DA:3,3
DA:5,3
DA:6,3
DA:7,3
DA:9,3
DA:11,3
DA:13,3
DA:30,1
DA:31,1
DA:32,1
DA:33,1
DA:34,1
DA:35,1
DA:36,1
DA:37,1
DA:38,1
DA:39,1
DA:40,1
DA:41,1
DA:42,1
DA:43,1
DA:44,1
DA:49,3
DA:50,1
DA:51,1
DA:52,1
DA:53,1
DA:59,3
DA:60,1
DA:61,1
DA:63,1
DA:64,1
DA:65,0
DA:71,0
DA:72,0
DA:74,0
DA:76,0
DA:77,0
DA:78,0
DA:79,0
DA:80,0
DA:81,0
DA:82,0
DA:84,0
DA:85,0
DA:86,0
DA:87,0
DA:88,0
DA:91,0
DA:92,0
DA:93,0
DA:94,0
DA:95,0
DA:96,0
DA:97,0
DA:98,0
DA:100,0
DA:101,0
DA:102,0
DA:103,0
DA:104,0
DA:106,0
DA:107,0
DA:108,0
DA:109,0
DA:110,0
DA:111,0
DA:116,0
DA:117,0
DA:120,0
DA:121,0
DA:122,0
DA:126,0
DA:138,3
DA:139,0
DA:141,0
DA:143,0
DA:145,0
DA:150,0
DA:155,3
DA:156,0
DA:157,0
DA:164,3
DA:165,0
DA:166,0
DA:167,0
DA:168,0
DA:169,0
DA:170,0
DA:171,0
DA:172,0
DA:174,0
DA:180,3
DA:181,0
DA:182,0
DA:183,0
DA:184,0
DA:185,0
DA:186,0
DA:188,0
DA:189,0
DA:190,0
DA:191,0
DA:195,0
DA:196,0
DA:197,0
DA:201,3
DA:202,1
DA:203,0
DA:204,0
DA:205,0
DA:206,0
DA:209,3
LF:115
LH:41
BRDA:65,0,0,0
BRDA:65,0,1,0
BRDA:66,1,0,0
BRDA:66,1,1,0
BRDA:66,1,2,0
BRDA:66,1,3,0
BRDA:71,2,0,0
BRDA:71,2,1,0
BRDA:74,3,0,0
BRDA:74,3,1,0
BRDA:76,4,0,0
BRDA:76,4,1,0
BRDA:80,5,0,0
BRDA:80,5,1,0
BRDA:84,6,0,0
BRDA:84,6,1,0
BRDA:87,7,0,0
BRDA:87,7,1,0
BRDA:91,8,0,0
BRDA:91,8,1,0
BRDA:91,9,0,0
BRDA:91,9,1,0
BRDA:93,10,0,0
BRDA:93,10,1,0
BRDA:110,11,0,0
BRDA:110,11,1,0
BRDA:111,12,0,0
BRDA:111,12,1,0
BRDA:112,13,0,0
BRDA:112,13,1,0
BRDA:112,13,2,0
BRDA:120,14,0,0
BRDA:120,14,1,0
BRDA:140,15,0,0
BRDA:140,15,1,0
BRDA:140,15,2,0
BRDA:171,16,0,0
BRDA:171,16,1,0
BRDA:185,17,0,0
BRDA:185,17,1,0
BRDA:188,18,0,0
BRDA:188,18,1,0
BRDA:202,19,0,0
BRDA:202,19,1,1
BRF:44
BRH:1
end_of_record
TN:
SF:/Users/alexandre.delaloy/_/PERSO/outof216/src/Controllers/UserController.ts
FN:4,(anonymous_0)
FN:7,UserController
FN:11,(anonymous_2)
FN:18,(anonymous_3)
FN:21,(anonymous_4)
FN:24,(anonymous_5)
FN:32,(anonymous_6)
FNF:7
FNH:5
FNDA:3,(anonymous_0)
FNDA:2,UserController
FNDA:2,(anonymous_2)
FNDA:1,(anonymous_3)
FNDA:2,(anonymous_4)
FNDA:0,(anonymous_5)
FNDA:0,(anonymous_6)
DA:4,3
DA:8,2
DA:9,2
DA:11,3
DA:12,2
DA:16,2
DA:18,3
DA:19,1
DA:21,3
DA:22,2
DA:23,2
DA:24,0
DA:25,0
DA:26,0
DA:27,0
DA:28,0
DA:29,0
DA:32,0
DA:33,0
DA:34,0
DA:38,3
LF:21
LH:12
BRDA:23,0,0,0
BRDA:23,0,1,2
BRF:2
BRH:1
end_of_record
TN:
SF:/Users/alexandre.delaloy/_/PERSO/outof216/src/Models/ChartsModel.ts
FN:3,(anonymous_0)
FN:6,ChartsModel
FN:10,(anonymous_2)
FN:13,(anonymous_3)
FN:16,(anonymous_4)
FN:19,(anonymous_5)
FNF:6
FNH:4
FNDA:3,(anonymous_0)
FNDA:4,ChartsModel
FNDA:1,(anonymous_2)
FNDA:0,(anonymous_3)
FNDA:1,(anonymous_4)
FNDA:0,(anonymous_5)
DA:3,3
DA:7,4
DA:8,4
DA:10,3
DA:11,1
DA:13,3
DA:14,0
DA:16,3
DA:17,1
DA:19,3
DA:20,0
DA:22,3
LF:12
LH:10
BRF:0
BRH:0
end_of_record
TN:
SF:/Users/alexandre.delaloy/_/PERSO/outof216/src/Models/ClockModel.ts
FN:1,(anonymous_0)
FN:3,ClockModel
FN:6,(anonymous_2)
FN:9,(anonymous_3)
FNF:4
FNH:4
FNDA:4,(anonymous_0)
FNDA:3,ClockModel
FNDA:3,(anonymous_2)
FNDA:1,(anonymous_3)
DA:1,4
DA:4,3
DA:6,4
DA:7,3
DA:9,4
DA:10,1
DA:12,4
LF:7
LH:7
BRF:0
BRH:0
end_of_record
TN:
SF:/Users/alexandre.delaloy/_/PERSO/outof216/src/Models/PodiumModel.ts
FN:3,(anonymous_0)
FN:5,PodiumModel
FN:8,(anonymous_2)
FN:11,(anonymous_3)
FNF:4
FNH:1
FNDA:3,(anonymous_0)
FNDA:0,PodiumModel
FNDA:0,(anonymous_2)
FNDA:0,(anonymous_3)
DA:3,3
DA:6,0
DA:8,3
DA:9,0
DA:11,3
DA:12,0
DA:14,3
LF:7
LH:4
BRF:0
BRH:0
end_of_record
TN:
SF:/Users/alexandre.delaloy/_/PERSO/outof216/src/Models/TypewriterModel.ts
FN:1,(anonymous_0)
FN:3,TypewriterModel
FN:6,(anonymous_2)
FN:9,(anonymous_3)
FNF:4
FNH:3
FNDA:3,(anonymous_0)
FNDA:1,TypewriterModel
FNDA:1,(anonymous_2)
FNDA:0,(anonymous_3)
DA:1,3
DA:4,1
DA:6,3
DA:7,1
DA:9,3
DA:10,0
DA:12,3
LF:7
LH:6
BRF:0
BRH:0
end_of_record
TN:
SF:/Users/alexandre.delaloy/_/PERSO/outof216/src/Models/UserModel.ts
FN:3,(anonymous_0)
FN:7,UserModel
FN:14,(anonymous_2)
FN:17,(anonymous_3)
FN:20,(anonymous_4)
FN:23,(anonymous_5)
FNF:6
FNH:4
FNDA:3,(anonymous_0)
FNDA:6,UserModel
FNDA:6,(anonymous_2)
FNDA:0,(anonymous_3)
FNDA:2,(anonymous_4)
FNDA:0,(anonymous_5)
DA:3,3
DA:11,6
DA:12,6
DA:14,3
DA:15,6
DA:17,3
DA:18,0
DA:20,3
DA:21,2
DA:23,3
DA:24,0
DA:26,3
LF:12
LH:10
BRF:0
BRH:0
end_of_record
TN:
SF:/Users/alexandre.delaloy/_/PERSO/outof216/src/Views/ChartsView.ts
FN:5,(anonymous_3)
FN:8,ChartsView
FN:12,(anonymous_5)
FN:108,(anonymous_6)
FNF:4
FNH:3
FNDA:3,(anonymous_3)
FNDA:4,ChartsView
FNDA:1,(anonymous_5)
FNDA:0,(anonymous_6)
DA:1,3
DA:5,3
DA:9,4
DA:10,4
DA:12,3
DA:13,1
DA:17,1
DA:32,1
DA:72,1
DA:90,1
DA:108,3
DA:109,0
DA:113,0
DA:117,0
DA:118,0
DA:120,3
LF:16
LH:12
BRF:0
BRH:0
end_of_record
TN:
SF:/Users/alexandre.delaloy/_/PERSO/outof216/src/Views/ClockView.ts
FN:1,(anonymous_0)
FN:3,ClockView
FN:6,(anonymous_2)
FN:12,(anonymous_3)
FNF:4
FNH:4
FNDA:4,(anonymous_0)
FNDA:2,ClockView
FNDA:2,(anonymous_2)
FNDA:1,(anonymous_3)
DA:1,4
DA:4,2
DA:6,4
DA:7,2
DA:8,2
DA:9,120
DA:12,4
DA:13,1
DA:14,1
DA:15,60
DA:18,4
LF:11
LH:11
BRF:0
BRH:0
end_of_record
TN:
SF:/Users/alexandre.delaloy/_/PERSO/outof216/src/Views/PodiumView.ts
FN:11,(anonymous_1)
FN:13,PodiumView
FN:16,(anonymous_3)
FN:63,(anonymous_4)
FN:69,(anonymous_5)
FN:71,(anonymous_6)
FNF:6
FNH:1
FNDA:3,(anonymous_1)
FNDA:0,PodiumView
FNDA:0,(anonymous_3)
FNDA:0,(anonymous_4)
FNDA:0,(anonymous_5)
FNDA:0,(anonymous_6)
DA:1,3
DA:11,3
DA:14,0
DA:16,3
DA:17,0
DA:18,0
DA:55,0
DA:56,0
DA:57,0
DA:59,0
DA:60,0
DA:63,3
DA:64,0
DA:65,0
DA:67,0
DA:69,3
DA:70,0
DA:71,0
DA:72,0
DA:74,0
DA:75,0
DA:76,0
DA:77,0
DA:79,0
DA:80,0
DA:82,0
DA:83,0
DA:84,0
DA:85,0
DA:88,0
DA:91,3
LF:31
LH:6
BRDA:76,0,0,0
BRDA:76,0,1,0
BRF:2
BRH:0
end_of_record
TN:
SF:/Users/alexandre.delaloy/_/PERSO/outof216/src/Views/TypewriterView.ts
FN:1,(anonymous_0)
FN:3,TypewriterView
FN:6,(anonymous_2)
FN:15,(anonymous_3)
FNF:4
FNH:4
FNDA:3,(anonymous_0)
FNDA:1,TypewriterView
FNDA:1,(anonymous_2)
FNDA:2,(anonymous_3)
DA:1,3
DA:4,1
DA:6,3
DA:11,1
DA:16,2
DA:20,3
LF:6
LH:6
BRDA:13,0,0,0
BRDA:13,0,1,1
BRDA:14,1,0,0
BRDA:14,1,1,1
BRF:4
BRH:2
end_of_record
TN:
SF:/Users/alexandre.delaloy/_/PERSO/outof216/src/Views/UserView.ts
FN:3,(anonymous_0)
FN:5,(anonymous_1)
FN:7,UserView
FN:10,(anonymous_3)
FN:20,(anonymous_4)
FN:27,(anonymous_5)
FN:66,(anonymous_6)
FN:73,(anonymous_7)
FNF:8
FNH:5
FNDA:1,(anonymous_0)
FNDA:3,(anonymous_1)
FNDA:2,UserView
FNDA:0,(anonymous_3)
FNDA:0,(anonymous_4)
FNDA:2,(anonymous_5)
FNDA:0,(anonymous_6)
FNDA:1,(anonymous_7)
DA:3,3
DA:5,3
DA:8,2
DA:10,3
DA:11,0
DA:20,0
DA:21,0
DA:22,0
DA:25,0
DA:27,3
DA:31,2
DA:65,2
DA:66,0
DA:67,0
DA:68,0
DA:69,0
DA:73,3
DA:74,1
DA:75,0
DA:77,1
DA:80,3
LF:21
LH:11
BRDA:21,0,0,0
BRDA:21,0,1,0
BRDA:32,1,0,0
BRDA:32,1,1,2
BRDA:65,2,0,0
BRDA:65,2,1,2
BRDA:74,3,0,0
BRDA:74,3,1,1
BRF:8
BRH:3
end_of_record
