TN:
SF:/Users/alexandre.delaloy/_/PERSO/outof216/src/Controllers/ClockController.ts
FN:1,(anonymous_0)
FN:4,ClockController
FN:8,(anonymous_2)
FN:11,(anonymous_3)
FNF:4
FNH:4
FNDA:1,(anonymous_0)
FNDA:1,ClockController
FNDA:1,(anonymous_2)
FNDA:1,(anonymous_3)
DA:1,1
DA:5,1
DA:6,1
DA:8,1
DA:9,1
DA:11,1
DA:12,1
DA:14,1
LF:8
LH:8
BRF:0
BRH:0
end_of_record
TN:
SF:/Users/alexandre.delaloy/_/PERSO/outof216/src/Models/ClockModel.ts
FN:1,(anonymous_0)
FN:3,ClockModel
FN:6,(anonymous_2)
FN:9,(anonymous_3)
FNF:4
FNH:4
FNDA:1,(anonymous_0)
FNDA:2,ClockModel
FNDA:2,(anonymous_2)
FNDA:1,(anonymous_3)
DA:1,1
DA:4,2
DA:6,1
DA:7,2
DA:9,1
DA:10,1
DA:12,1
LF:7
LH:7
BRF:0
BRH:0
end_of_record
TN:
SF:/Users/alexandre.delaloy/_/PERSO/outof216/src/Views/ClockView.ts
FN:1,(anonymous_0)
FN:3,ClockView
FN:6,(anonymous_2)
FN:12,(anonymous_3)
FNF:4
FNH:4
FNDA:1,(anonymous_0)
FNDA:1,ClockView
FNDA:1,(anonymous_2)
FNDA:1,(anonymous_3)
DA:1,1
DA:4,1
DA:6,1
DA:7,1
DA:8,1
DA:9,60
DA:12,1
DA:13,1
DA:14,1
DA:15,60
DA:18,1
LF:11
LH:11
BRF:0
BRH:0
end_of_record
